[debug] [2024-02-25T05:36:53.135Z] ----------------------------------------------------------------------
[debug] [2024-02-25T05:36:53.140Z] Command:       C:\Program Files\nodejs\node.exe C:\Users\gonza\AppData\Roaming\npm\node_modules\firebase-tools\lib\bin\firebase.js init
[debug] [2024-02-25T05:36:53.141Z] CLI Version:   12.4.1
[debug] [2024-02-25T05:36:53.142Z] Platform:      win32
[debug] [2024-02-25T05:36:53.142Z] Node Version:  v18.14.2
[debug] [2024-02-25T05:36:53.144Z] Time:          Sun Feb 25 2024 02:36:53 GMT-0300 (hora estándar de Argentina)
[debug] [2024-02-25T05:36:53.144Z] ----------------------------------------------------------------------
[debug] 
[debug] [2024-02-25T05:36:53.182Z] >>> [apiv2][query] GET https://firebase-public.firebaseio.com/cli.json [none]
[debug] [2024-02-25T05:36:53.271Z] > command requires scopes: ["email","openid","https://www.googleapis.com/auth/cloudplatformprojects.readonly","https://www.googleapis.com/auth/firebase","https://www.googleapis.com/auth/cloud-platform"]
[debug] [2024-02-25T05:36:53.272Z] > authorizing via signed-in user (gonzaloadamie@gmail.com)
[info] 
     ######## #### ########  ######## ########     ###     ######  ########
     ##        ##  ##     ## ##       ##     ##  ##   ##  ##       ##
     ######    ##  ########  ######   ########  #########  ######  ######
     ##        ##  ##    ##  ##       ##     ## ##     ##       ## ##
     ##       #### ##     ## ######## ########  ##     ##  ######  ########

You're about to initialize a Firebase project in this directory:

  C:\Users\gonza\Desktop\S\porn

[debug] [2024-02-25T05:36:53.829Z] <<< [apiv2][status] GET https://firebase-public.firebaseio.com/cli.json 200
[debug] [2024-02-25T05:36:53.830Z] <<< [apiv2][body] GET https://firebase-public.firebaseio.com/cli.json {"cloudBuildErrorAfter":1594252800000,"cloudBuildWarnAfter":1590019200000,"defaultNode10After":1594252800000,"minVersion":"3.0.5","node8DeploysDisabledAfter":1613390400000,"node8RuntimeDisabledAfter":1615809600000,"node8WarnAfter":1600128000000}
